[
  {
    "url": "https://api.github.com/repos/jupyter/notebook/issues/comments/171736802",
    "html_url": "https://github.com/jupyter/notebook/issues/956#issuecomment-171736802",
    "issue_url": "https://api.github.com/repos/jupyter/notebook/issues/956",
    "id": 171736802,
    "node_id": "MDEyOklzc3VlQ29tbWVudDE3MTczNjgwMg==",
    "user": {
      "login": "takluyver",
      "id": 327925,
      "node_id": "MDQ6VXNlcjMyNzkyNQ==",
      "avatar_url": "https://avatars.githubusercontent.com/u/327925?v=4",
      "gravatar_id": "",
      "url": "https://api.github.com/users/takluyver",
      "html_url": "https://github.com/takluyver",
      "followers_url": "https://api.github.com/users/takluyver/followers",
      "following_url": "https://api.github.com/users/takluyver/following{/other_user}",
      "gists_url": "https://api.github.com/users/takluyver/gists{/gist_id}",
      "starred_url": "https://api.github.com/users/takluyver/starred{/owner}{/repo}",
      "subscriptions_url": "https://api.github.com/users/takluyver/subscriptions",
      "organizations_url": "https://api.github.com/users/takluyver/orgs",
      "repos_url": "https://api.github.com/users/takluyver/repos",
      "events_url": "https://api.github.com/users/takluyver/events{/privacy}",
      "received_events_url": "https://api.github.com/users/takluyver/received_events",
      "type": "User",
      "site_admin": false
    },
    "created_at": "2016-01-14T18:50:35Z",
    "updated_at": "2016-01-14T18:50:35Z",
    "author_association": "MEMBER",
    "body": "I've prodded it to retry just in case it's sulking at you for some reason.\n\nI wonder if coverage has some minor issue on Python 3.5, maybe only 3.5.1?\n",
    "performed_via_github_app": null
  },
  {
    "url": "https://api.github.com/repos/jupyter/notebook/issues/comments/171737459",
    "html_url": "https://github.com/jupyter/notebook/issues/956#issuecomment-171737459",
    "issue_url": "https://api.github.com/repos/jupyter/notebook/issues/956",
    "id": 171737459,
    "node_id": "MDEyOklzc3VlQ29tbWVudDE3MTczNzQ1OQ==",
    "user": {
      "login": "jdfreder",
      "id": 3292874,
      "node_id": "MDQ6VXNlcjMyOTI4NzQ=",
      "avatar_url": "https://avatars.githubusercontent.com/u/3292874?v=4",
      "gravatar_id": "",
      "url": "https://api.github.com/users/jdfreder",
      "html_url": "https://github.com/jdfreder",
      "followers_url": "https://api.github.com/users/jdfreder/followers",
      "following_url": "https://api.github.com/users/jdfreder/following{/other_user}",
      "gists_url": "https://api.github.com/users/jdfreder/gists{/gist_id}",
      "starred_url": "https://api.github.com/users/jdfreder/starred{/owner}{/repo}",
      "subscriptions_url": "https://api.github.com/users/jdfreder/subscriptions",
      "organizations_url": "https://api.github.com/users/jdfreder/orgs",
      "repos_url": "https://api.github.com/users/jdfreder/repos",
      "events_url": "https://api.github.com/users/jdfreder/events{/privacy}",
      "received_events_url": "https://api.github.com/users/jdfreder/received_events",
      "type": "User",
      "site_admin": false
    },
    "created_at": "2016-01-14T18:53:22Z",
    "updated_at": "2016-01-14T18:53:49Z",
    "author_association": "CONTRIBUTOR",
    "body": "Travis was borking up a few days ago.  All the tests in ipywidgets were failing.  I went to sleep, and the next day Travis was happy.  He probably got food poisoning or something.\n",
    "performed_via_github_app": null
  },
  {
    "url": "https://api.github.com/repos/jupyter/notebook/issues/comments/171755007",
    "html_url": "https://github.com/jupyter/notebook/issues/956#issuecomment-171755007",
    "issue_url": "https://api.github.com/repos/jupyter/notebook/issues/956",
    "id": 171755007,
    "node_id": "MDEyOklzc3VlQ29tbWVudDE3MTc1NTAwNw==",
    "user": {
      "login": "Carreau",
      "id": 335567,
      "node_id": "MDQ6VXNlcjMzNTU2Nw==",
      "avatar_url": "https://avatars.githubusercontent.com/u/335567?v=4",
      "gravatar_id": "",
      "url": "https://api.github.com/users/Carreau",
      "html_url": "https://github.com/Carreau",
      "followers_url": "https://api.github.com/users/Carreau/followers",
      "following_url": "https://api.github.com/users/Carreau/following{/other_user}",
      "gists_url": "https://api.github.com/users/Carreau/gists{/gist_id}",
      "starred_url": "https://api.github.com/users/Carreau/starred{/owner}{/repo}",
      "subscriptions_url": "https://api.github.com/users/Carreau/subscriptions",
      "organizations_url": "https://api.github.com/users/Carreau/orgs",
      "repos_url": "https://api.github.com/users/Carreau/repos",
      "events_url": "https://api.github.com/users/Carreau/events{/privacy}",
      "received_events_url": "https://api.github.com/users/Carreau/received_events",
      "type": "User",
      "site_admin": false
    },
    "created_at": "2016-01-14T19:38:07Z",
    "updated_at": "2016-01-14T19:38:07Z",
    "author_association": "MEMBER",
    "body": "I locally have an thread error with sqlite exactly where the build breaks:\n\n```\nOK (SKIP=1)\nError in atexit._run_exitfuncs:\nTraceback (most recent call last):\n  File \"/Users/bussonniermatthias/dev/ipython/IPython/core/history.py\", line 755, in writeout_cache\n    self._writeout_input_cache(conn)\n  File \"/Users/bussonniermatthias/dev/ipython/IPython/core/history.py\", line 739, in _writeout_input_cache\n    (self.session_number,)+line)\nsqlite3.ProgrammingError: SQLite objects created in a thread can only be used in that same thread.The object was created in thread id 4377808896 and this is thread id 140735277753088\n```\n",
    "performed_via_github_app": null
  },
  {
    "url": "https://api.github.com/repos/jupyter/notebook/issues/comments/171784026",
    "html_url": "https://github.com/jupyter/notebook/issues/956#issuecomment-171784026",
    "issue_url": "https://api.github.com/repos/jupyter/notebook/issues/956",
    "id": 171784026,
    "node_id": "MDEyOklzc3VlQ29tbWVudDE3MTc4NDAyNg==",
    "user": {
      "login": "takluyver",
      "id": 327925,
      "node_id": "MDQ6VXNlcjMyNzkyNQ==",
      "avatar_url": "https://avatars.githubusercontent.com/u/327925?v=4",
      "gravatar_id": "",
      "url": "https://api.github.com/users/takluyver",
      "html_url": "https://github.com/takluyver",
      "followers_url": "https://api.github.com/users/takluyver/followers",
      "following_url": "https://api.github.com/users/takluyver/following{/other_user}",
      "gists_url": "https://api.github.com/users/takluyver/gists{/gist_id}",
      "starred_url": "https://api.github.com/users/takluyver/starred{/owner}{/repo}",
      "subscriptions_url": "https://api.github.com/users/takluyver/subscriptions",
      "organizations_url": "https://api.github.com/users/takluyver/orgs",
      "repos_url": "https://api.github.com/users/takluyver/repos",
      "events_url": "https://api.github.com/users/takluyver/events{/privacy}",
      "received_events_url": "https://api.github.com/users/takluyver/received_events",
      "type": "User",
      "site_admin": false
    },
    "created_at": "2016-01-14T21:23:50Z",
    "updated_at": "2016-01-14T21:23:50Z",
    "author_association": "MEMBER",
    "body": "I don't see an error locally. And I can't work out how the error you see makes sense - atexit functions should run on the main thread, which should also be where the history database connection was opened.\n\nAnd if it's hanging producing the coverage report after the notebook tests, what's an IPython traceback doing there? :-S\n",
    "performed_via_github_app": null
  },
  {
    "url": "https://api.github.com/repos/jupyter/notebook/issues/comments/171786165",
    "html_url": "https://github.com/jupyter/notebook/issues/956#issuecomment-171786165",
    "issue_url": "https://api.github.com/repos/jupyter/notebook/issues/956",
    "id": 171786165,
    "node_id": "MDEyOklzc3VlQ29tbWVudDE3MTc4NjE2NQ==",
    "user": {
      "login": "takluyver",
      "id": 327925,
      "node_id": "MDQ6VXNlcjMyNzkyNQ==",
      "avatar_url": "https://avatars.githubusercontent.com/u/327925?v=4",
      "gravatar_id": "",
      "url": "https://api.github.com/users/takluyver",
      "html_url": "https://github.com/takluyver",
      "followers_url": "https://api.github.com/users/takluyver/followers",
      "following_url": "https://api.github.com/users/takluyver/following{/other_user}",
      "gists_url": "https://api.github.com/users/takluyver/gists{/gist_id}",
      "starred_url": "https://api.github.com/users/takluyver/starred{/owner}{/repo}",
      "subscriptions_url": "https://api.github.com/users/takluyver/subscriptions",
      "organizations_url": "https://api.github.com/users/takluyver/orgs",
      "repos_url": "https://api.github.com/users/takluyver/repos",
      "events_url": "https://api.github.com/users/takluyver/events{/privacy}",
      "received_events_url": "https://api.github.com/users/takluyver/received_events",
      "type": "User",
      "site_admin": false
    },
    "created_at": "2016-01-14T21:31:42Z",
    "updated_at": "2016-01-14T21:31:42Z",
    "author_association": "MEMBER",
    "body": "I've also seen this nasty looking traceback on Travis a couple of times. I think either there's an as-yet-unknown bug in Python itself, or there's something rotten in the state of Travis.\n\n```\nFatal Python error: PyImport_GetModuleDict: no module dictionary!\nThread 0x00007f4693374700 (most recent call first):\n  File \"/home/travis/virtualenv/python3.5.0/lib/python3.5/site-packages/ipykernel/parentpoller.py\", line 37 in run\n  File \"/opt/python/3.5.0/lib/python3.5/threading.py\", line 923 in _bootstrap_inner\n  File \"/opt/python/3.5.0/lib/python3.5/threading.py\", line 891 in _bootstrap\n\nThread 0x00007f46a1826700 (most recent call first):\n  File \"/home/travis/virtualenv/python3.5.0/lib/python3.5/site-packages/ipykernel/heartbeat.py\", line 61 in run\n  File \"/opt/python/3.5.0/lib/python3.5/threading.py\", line 923 in _bootstrap_inner\n  File \"/opt/python/3.5.0/lib/python3.5/threading.py\", line 891 in _bootstrap\n\nCurrent thread 0x00007f46aba39700 (most recent call first):\n  File \"/home/travis/virtualenv/python3.5.0/lib/python3.5/site-packages/traitlets/traitlets.py\", line 1076 in on_trait_change\n  File \"/home/travis/virtualenv/python3.5.0/lib/python3.5/site-packages/IPython/core/extensions.py\", line 64 in __del__\n\n.Fatal Python error: PyImport_GetModuleDict: no module dictionary!\n\nThread 0x00007f01dbfff700 (most recent call first):\n  File \"/home/travis/virtualenv/python3.5.0/lib/python3.5/site-packages/ipykernel/parentpoller.py\", line 37 in run\n  File \"/opt/python/3.5.0/lib/python3.5/threading.py\", line 923 in _bootstrap_inner\n  File \"/opt/python/3.5.0/lib/python3.5/threading.py\", line 891 in _bootstrap\n\nThread 0x00007f01ea72a700 (most recent call first):\n  File \"/home/travis/virtualenv/python3.5.0/lib/python3.5/site-packages/ipykernel/heartbeat.py\", line 61 in run\n  File \"/opt/python/3.5.0/lib/python3.5/threading.py\", line 923 in _bootstrap_inner\n  File \"/opt/python/3.5.0/lib/python3.5/threading.py\", line 891 in _bootstrap\n\nCurrent thread 0x00007f01f493d700 (most recent call first):\n  File \"/home/travis/virtualenv/python3.5.0/lib/python3.5/site-packages/traitlets/traitlets.py\", line 1076 in on_trait_change\n  File \"/home/travis/virtualenv/python3.5.0/lib/python3.5/site-packages/IPython/core/extensions.py\", line 64 in __del__\n\n.Failed to import the site module\n\nTraceback (most recent call last):\n  File \"<frozen importlib._bootstrap_external>\", line 1077, in _path_importer_cache\nKeyError: '/home/travis/virtualenv/python3.5.0/lib/python3.5/lib-dynload'\n\nDuring handling of the above exception, another exception occurred:\n\nTraceback (most recent call last):\n  File \"/home/travis/virtualenv/python3.5.0/lib/python3.5/site.py\", line 69, in <module>\n    import __builtin__ as builtins\n  File \"<frozen importlib._bootstrap>\", line 969, in _find_and_load\n  File \"<frozen importlib._bootstrap>\", line 954, in _find_and_load_unlocked\n  File \"<frozen importlib._bootstrap>\", line 896, in _find_spec\n  File \"<frozen importlib._bootstrap_external>\", line 1136, in find_spec\n  File \"<frozen importlib._bootstrap_external>\", line 1107, in _get_spec\n  File \"<frozen importlib._bootstrap_external>\", line 1079, in _path_importer_cache\n  File \"<frozen importlib._bootstrap_external>\", line 1055, in _path_hooks\n  File \"<frozen importlib._bootstrap_external>\", line 1300, in path_hook_for_FileFinder\n  File \"<frozen importlib._bootstrap_external>\", line 96, in _path_isdir\n  File \"<frozen importlib._bootstrap_external>\", line 81, in _path_is_mode_type\n  File \"<frozen importlib._bootstrap_external>\", line 75, in _path_stat\nKeyboardInterrupt\n```\n",
    "performed_via_github_app": null
  },
  {
    "url": "https://api.github.com/repos/jupyter/notebook/issues/comments/171786564",
    "html_url": "https://github.com/jupyter/notebook/issues/956#issuecomment-171786564",
    "issue_url": "https://api.github.com/repos/jupyter/notebook/issues/956",
    "id": 171786564,
    "node_id": "MDEyOklzc3VlQ29tbWVudDE3MTc4NjU2NA==",
    "user": {
      "login": "takluyver",
      "id": 327925,
      "node_id": "MDQ6VXNlcjMyNzkyNQ==",
      "avatar_url": "https://avatars.githubusercontent.com/u/327925?v=4",
      "gravatar_id": "",
      "url": "https://api.github.com/users/takluyver",
      "html_url": "https://github.com/takluyver",
      "followers_url": "https://api.github.com/users/takluyver/followers",
      "following_url": "https://api.github.com/users/takluyver/following{/other_user}",
      "gists_url": "https://api.github.com/users/takluyver/gists{/gist_id}",
      "starred_url": "https://api.github.com/users/takluyver/starred{/owner}{/repo}",
      "subscriptions_url": "https://api.github.com/users/takluyver/subscriptions",
      "organizations_url": "https://api.github.com/users/takluyver/orgs",
      "repos_url": "https://api.github.com/users/takluyver/repos",
      "events_url": "https://api.github.com/users/takluyver/events{/privacy}",
      "received_events_url": "https://api.github.com/users/takluyver/received_events",
      "type": "User",
      "site_admin": false
    },
    "created_at": "2016-01-14T21:33:31Z",
    "updated_at": "2016-01-14T21:33:31Z",
    "author_association": "MEMBER",
    "body": "(I just got that by re-running [this build](https://travis-ci.org/jupyter/notebook/jobs/102303145) - it somehow succeeded despite that error)\n",
    "performed_via_github_app": null
  },
  {
    "url": "https://api.github.com/repos/jupyter/notebook/issues/comments/171819849",
    "html_url": "https://github.com/jupyter/notebook/issues/956#issuecomment-171819849",
    "issue_url": "https://api.github.com/repos/jupyter/notebook/issues/956",
    "id": 171819849,
    "node_id": "MDEyOklzc3VlQ29tbWVudDE3MTgxOTg0OQ==",
    "user": {
      "login": "jdfreder",
      "id": 3292874,
      "node_id": "MDQ6VXNlcjMyOTI4NzQ=",
      "avatar_url": "https://avatars.githubusercontent.com/u/3292874?v=4",
      "gravatar_id": "",
      "url": "https://api.github.com/users/jdfreder",
      "html_url": "https://github.com/jdfreder",
      "followers_url": "https://api.github.com/users/jdfreder/followers",
      "following_url": "https://api.github.com/users/jdfreder/following{/other_user}",
      "gists_url": "https://api.github.com/users/jdfreder/gists{/gist_id}",
      "starred_url": "https://api.github.com/users/jdfreder/starred{/owner}{/repo}",
      "subscriptions_url": "https://api.github.com/users/jdfreder/subscriptions",
      "organizations_url": "https://api.github.com/users/jdfreder/orgs",
      "repos_url": "https://api.github.com/users/jdfreder/repos",
      "events_url": "https://api.github.com/users/jdfreder/events{/privacy}",
      "received_events_url": "https://api.github.com/users/jdfreder/received_events",
      "type": "User",
      "site_admin": false
    },
    "created_at": "2016-01-14T23:48:22Z",
    "updated_at": "2016-01-14T23:48:31Z",
    "author_association": "CONTRIBUTOR",
    "body": "I'm telling you guys, just wait a day... ;)\n",
    "performed_via_github_app": null
  },
  {
    "url": "https://api.github.com/repos/jupyter/notebook/issues/comments/171820270",
    "html_url": "https://github.com/jupyter/notebook/issues/956#issuecomment-171820270",
    "issue_url": "https://api.github.com/repos/jupyter/notebook/issues/956",
    "id": 171820270,
    "node_id": "MDEyOklzc3VlQ29tbWVudDE3MTgyMDI3MA==",
    "user": {
      "login": "Carreau",
      "id": 335567,
      "node_id": "MDQ6VXNlcjMzNTU2Nw==",
      "avatar_url": "https://avatars.githubusercontent.com/u/335567?v=4",
      "gravatar_id": "",
      "url": "https://api.github.com/users/Carreau",
      "html_url": "https://github.com/Carreau",
      "followers_url": "https://api.github.com/users/Carreau/followers",
      "following_url": "https://api.github.com/users/Carreau/following{/other_user}",
      "gists_url": "https://api.github.com/users/Carreau/gists{/gist_id}",
      "starred_url": "https://api.github.com/users/Carreau/starred{/owner}{/repo}",
      "subscriptions_url": "https://api.github.com/users/Carreau/subscriptions",
      "organizations_url": "https://api.github.com/users/Carreau/orgs",
      "repos_url": "https://api.github.com/users/Carreau/repos",
      "events_url": "https://api.github.com/users/Carreau/events{/privacy}",
      "received_events_url": "https://api.github.com/users/Carreau/received_events",
      "type": "User",
      "site_admin": false
    },
    "created_at": "2016-01-14T23:51:12Z",
    "updated_at": "2016-01-14T23:51:12Z",
    "author_association": "MEMBER",
    "body": "> I'm telling you guys, just wait a day... ;)\n\nWe've already waited a day. It's ben broken for more than 24h. \n",
    "performed_via_github_app": null
  },
  {
    "url": "https://api.github.com/repos/jupyter/notebook/issues/comments/171820646",
    "html_url": "https://github.com/jupyter/notebook/issues/956#issuecomment-171820646",
    "issue_url": "https://api.github.com/repos/jupyter/notebook/issues/956",
    "id": 171820646,
    "node_id": "MDEyOklzc3VlQ29tbWVudDE3MTgyMDY0Ng==",
    "user": {
      "login": "jdfreder",
      "id": 3292874,
      "node_id": "MDQ6VXNlcjMyOTI4NzQ=",
      "avatar_url": "https://avatars.githubusercontent.com/u/3292874?v=4",
      "gravatar_id": "",
      "url": "https://api.github.com/users/jdfreder",
      "html_url": "https://github.com/jdfreder",
      "followers_url": "https://api.github.com/users/jdfreder/followers",
      "following_url": "https://api.github.com/users/jdfreder/following{/other_user}",
      "gists_url": "https://api.github.com/users/jdfreder/gists{/gist_id}",
      "starred_url": "https://api.github.com/users/jdfreder/starred{/owner}{/repo}",
      "subscriptions_url": "https://api.github.com/users/jdfreder/subscriptions",
      "organizations_url": "https://api.github.com/users/jdfreder/orgs",
      "repos_url": "https://api.github.com/users/jdfreder/repos",
      "events_url": "https://api.github.com/users/jdfreder/events{/privacy}",
      "received_events_url": "https://api.github.com/users/jdfreder/received_events",
      "type": "User",
      "site_admin": false
    },
    "created_at": "2016-01-14T23:53:27Z",
    "updated_at": "2016-01-14T23:53:27Z",
    "author_association": "CONTRIBUTOR",
    "body": "> We've already waited a day. It's ben broken for more than 24h.\n\nAw okay, maybe he has a fatal injury.  \n",
    "performed_via_github_app": null
  },
  {
    "url": "https://api.github.com/repos/jupyter/notebook/issues/comments/174290300",
    "html_url": "https://github.com/jupyter/notebook/issues/956#issuecomment-174290300",
    "issue_url": "https://api.github.com/repos/jupyter/notebook/issues/956",
    "id": 174290300,
    "node_id": "MDEyOklzc3VlQ29tbWVudDE3NDI5MDMwMA==",
    "user": {
      "login": "takluyver",
      "id": 327925,
      "node_id": "MDQ6VXNlcjMyNzkyNQ==",
      "avatar_url": "https://avatars.githubusercontent.com/u/327925?v=4",
      "gravatar_id": "",
      "url": "https://api.github.com/users/takluyver",
      "html_url": "https://github.com/takluyver",
      "followers_url": "https://api.github.com/users/takluyver/followers",
      "following_url": "https://api.github.com/users/takluyver/following{/other_user}",
      "gists_url": "https://api.github.com/users/takluyver/gists{/gist_id}",
      "starred_url": "https://api.github.com/users/takluyver/starred{/owner}{/repo}",
      "subscriptions_url": "https://api.github.com/users/takluyver/subscriptions",
      "organizations_url": "https://api.github.com/users/takluyver/orgs",
      "repos_url": "https://api.github.com/users/takluyver/repos",
      "events_url": "https://api.github.com/users/takluyver/events{/privacy}",
      "received_events_url": "https://api.github.com/users/takluyver/received_events",
      "type": "User",
      "site_admin": false
    },
    "created_at": "2016-01-24T12:27:43Z",
    "updated_at": "2016-01-24T12:27:43Z",
    "author_association": "MEMBER",
    "body": "@Carreau did you work out where the SQLite error you saw locally was coming from? It's now happening on Jenkins: https://jenkins.jupyter.org/job/jack-of-none/128/console\n",
    "performed_via_github_app": null
  },
  {
    "url": "https://api.github.com/repos/jupyter/notebook/issues/comments/174370170",
    "html_url": "https://github.com/jupyter/notebook/issues/956#issuecomment-174370170",
    "issue_url": "https://api.github.com/repos/jupyter/notebook/issues/956",
    "id": 174370170,
    "node_id": "MDEyOklzc3VlQ29tbWVudDE3NDM3MDE3MA==",
    "user": {
      "login": "Carreau",
      "id": 335567,
      "node_id": "MDQ6VXNlcjMzNTU2Nw==",
      "avatar_url": "https://avatars.githubusercontent.com/u/335567?v=4",
      "gravatar_id": "",
      "url": "https://api.github.com/users/Carreau",
      "html_url": "https://github.com/Carreau",
      "followers_url": "https://api.github.com/users/Carreau/followers",
      "following_url": "https://api.github.com/users/Carreau/following{/other_user}",
      "gists_url": "https://api.github.com/users/Carreau/gists{/gist_id}",
      "starred_url": "https://api.github.com/users/Carreau/starred{/owner}{/repo}",
      "subscriptions_url": "https://api.github.com/users/Carreau/subscriptions",
      "organizations_url": "https://api.github.com/users/Carreau/orgs",
      "repos_url": "https://api.github.com/users/Carreau/repos",
      "events_url": "https://api.github.com/users/Carreau/events{/privacy}",
      "received_events_url": "https://api.github.com/users/Carreau/received_events",
      "type": "User",
      "site_admin": false
    },
    "created_at": "2016-01-25T01:56:19Z",
    "updated_at": "2016-01-25T01:56:19Z",
    "author_association": "MEMBER",
    "body": "No haven't found.... :-( \n",
    "performed_via_github_app": null
  },
  {
    "url": "https://api.github.com/repos/jupyter/notebook/issues/comments/174411233",
    "html_url": "https://github.com/jupyter/notebook/issues/956#issuecomment-174411233",
    "issue_url": "https://api.github.com/repos/jupyter/notebook/issues/956",
    "id": 174411233,
    "node_id": "MDEyOklzc3VlQ29tbWVudDE3NDQxMTIzMw==",
    "user": {
      "login": "jdfreder",
      "id": 3292874,
      "node_id": "MDQ6VXNlcjMyOTI4NzQ=",
      "avatar_url": "https://avatars.githubusercontent.com/u/3292874?v=4",
      "gravatar_id": "",
      "url": "https://api.github.com/users/jdfreder",
      "html_url": "https://github.com/jdfreder",
      "followers_url": "https://api.github.com/users/jdfreder/followers",
      "following_url": "https://api.github.com/users/jdfreder/following{/other_user}",
      "gists_url": "https://api.github.com/users/jdfreder/gists{/gist_id}",
      "starred_url": "https://api.github.com/users/jdfreder/starred{/owner}{/repo}",
      "subscriptions_url": "https://api.github.com/users/jdfreder/subscriptions",
      "organizations_url": "https://api.github.com/users/jdfreder/orgs",
      "repos_url": "https://api.github.com/users/jdfreder/repos",
      "events_url": "https://api.github.com/users/jdfreder/events{/privacy}",
      "received_events_url": "https://api.github.com/users/jdfreder/received_events",
      "type": "User",
      "site_admin": false
    },
    "created_at": "2016-01-25T05:53:14Z",
    "updated_at": "2016-01-25T05:53:14Z",
    "author_association": "CONTRIBUTOR",
    "body": "The flu Travis had must have been contagious :trollface: \n",
    "performed_via_github_app": null
  },
  {
    "url": "https://api.github.com/repos/jupyter/notebook/issues/comments/174506767",
    "html_url": "https://github.com/jupyter/notebook/issues/956#issuecomment-174506767",
    "issue_url": "https://api.github.com/repos/jupyter/notebook/issues/956",
    "id": 174506767,
    "node_id": "MDEyOklzc3VlQ29tbWVudDE3NDUwNjc2Nw==",
    "user": {
      "login": "takluyver",
      "id": 327925,
      "node_id": "MDQ6VXNlcjMyNzkyNQ==",
      "avatar_url": "https://avatars.githubusercontent.com/u/327925?v=4",
      "gravatar_id": "",
      "url": "https://api.github.com/users/takluyver",
      "html_url": "https://github.com/takluyver",
      "followers_url": "https://api.github.com/users/takluyver/followers",
      "following_url": "https://api.github.com/users/takluyver/following{/other_user}",
      "gists_url": "https://api.github.com/users/takluyver/gists{/gist_id}",
      "starred_url": "https://api.github.com/users/takluyver/starred{/owner}{/repo}",
      "subscriptions_url": "https://api.github.com/users/takluyver/subscriptions",
      "organizations_url": "https://api.github.com/users/takluyver/orgs",
      "repos_url": "https://api.github.com/users/takluyver/repos",
      "events_url": "https://api.github.com/users/takluyver/events{/privacy}",
      "received_events_url": "https://api.github.com/users/takluyver/received_events",
      "type": "User",
      "site_admin": false
    },
    "created_at": "2016-01-25T13:22:04Z",
    "updated_at": "2016-01-25T13:22:04Z",
    "author_association": "MEMBER",
    "body": "I restarted Jenkins, and the error is gone... :confused: \n",
    "performed_via_github_app": null
  },
  {
    "url": "https://api.github.com/repos/jupyter/notebook/issues/comments/245072101",
    "html_url": "https://github.com/jupyter/notebook/issues/956#issuecomment-245072101",
    "issue_url": "https://api.github.com/repos/jupyter/notebook/issues/956",
    "id": 245072101,
    "node_id": "MDEyOklzc3VlQ29tbWVudDI0NTA3MjEwMQ==",
    "user": {
      "login": "willingc",
      "id": 2680980,
      "node_id": "MDQ6VXNlcjI2ODA5ODA=",
      "avatar_url": "https://avatars.githubusercontent.com/u/2680980?v=4",
      "gravatar_id": "",
      "url": "https://api.github.com/users/willingc",
      "html_url": "https://github.com/willingc",
      "followers_url": "https://api.github.com/users/willingc/followers",
      "following_url": "https://api.github.com/users/willingc/following{/other_user}",
      "gists_url": "https://api.github.com/users/willingc/gists{/gist_id}",
      "starred_url": "https://api.github.com/users/willingc/starred{/owner}{/repo}",
      "subscriptions_url": "https://api.github.com/users/willingc/subscriptions",
      "organizations_url": "https://api.github.com/users/willingc/orgs",
      "repos_url": "https://api.github.com/users/willingc/repos",
      "events_url": "https://api.github.com/users/willingc/events{/privacy}",
      "received_events_url": "https://api.github.com/users/willingc/received_events",
      "type": "User",
      "site_admin": false
    },
    "created_at": "2016-09-06T20:01:56Z",
    "updated_at": "2016-09-06T20:01:56Z",
    "author_association": "MEMBER",
    "body": "@Carreau @takluyver I'm thinking this would be ok to close.\n",
    "performed_via_github_app": null
  },
  {
    "url": "https://api.github.com/repos/jupyter/notebook/issues/comments/245179112",
    "html_url": "https://github.com/jupyter/notebook/issues/956#issuecomment-245179112",
    "issue_url": "https://api.github.com/repos/jupyter/notebook/issues/956",
    "id": 245179112,
    "node_id": "MDEyOklzc3VlQ29tbWVudDI0NTE3OTExMg==",
    "user": {
      "login": "Carreau",
      "id": 335567,
      "node_id": "MDQ6VXNlcjMzNTU2Nw==",
      "avatar_url": "https://avatars.githubusercontent.com/u/335567?v=4",
      "gravatar_id": "",
      "url": "https://api.github.com/users/Carreau",
      "html_url": "https://github.com/Carreau",
      "followers_url": "https://api.github.com/users/Carreau/followers",
      "following_url": "https://api.github.com/users/Carreau/following{/other_user}",
      "gists_url": "https://api.github.com/users/Carreau/gists{/gist_id}",
      "starred_url": "https://api.github.com/users/Carreau/starred{/owner}{/repo}",
      "subscriptions_url": "https://api.github.com/users/Carreau/subscriptions",
      "organizations_url": "https://api.github.com/users/Carreau/orgs",
      "repos_url": "https://api.github.com/users/Carreau/repos",
      "events_url": "https://api.github.com/users/Carreau/events{/privacy}",
      "received_events_url": "https://api.github.com/users/Carreau/received_events",
      "type": "User",
      "site_admin": false
    },
    "created_at": "2016-09-07T05:29:24Z",
    "updated_at": "2016-09-07T05:29:24Z",
    "author_association": "MEMBER",
    "body": "Thanks @willingc !\n",
    "performed_via_github_app": null
  }
]
