[
  {
    "url": "https://api.github.com/repos/jupyter/notebook/issues/comments/708588842",
    "html_url": "https://github.com/jupyter/notebook/issues/5814#issuecomment-708588842",
    "issue_url": "https://api.github.com/repos/jupyter/notebook/issues/5814",
    "id": 708588842,
    "node_id": "MDEyOklzc3VlQ29tbWVudDcwODU4ODg0Mg==",
    "user": {
      "login": "kevin-bates",
      "id": 22599560,
      "node_id": "MDQ6VXNlcjIyNTk5NTYw",
      "avatar_url": "https://avatars.githubusercontent.com/u/22599560?v=4",
      "gravatar_id": "",
      "url": "https://api.github.com/users/kevin-bates",
      "html_url": "https://github.com/kevin-bates",
      "followers_url": "https://api.github.com/users/kevin-bates/followers",
      "following_url": "https://api.github.com/users/kevin-bates/following{/other_user}",
      "gists_url": "https://api.github.com/users/kevin-bates/gists{/gist_id}",
      "starred_url": "https://api.github.com/users/kevin-bates/starred{/owner}{/repo}",
      "subscriptions_url": "https://api.github.com/users/kevin-bates/subscriptions",
      "organizations_url": "https://api.github.com/users/kevin-bates/orgs",
      "repos_url": "https://api.github.com/users/kevin-bates/repos",
      "events_url": "https://api.github.com/users/kevin-bates/events{/privacy}",
      "received_events_url": "https://api.github.com/users/kevin-bates/received_events",
      "type": "User",
      "site_admin": false
    },
    "created_at": "2020-10-14T18:41:28Z",
    "updated_at": "2020-10-14T18:41:28Z",
    "author_association": "MEMBER",
    "body": "Hi Hanane, \r\n\r\nI think `ipython` has some sensitivity to `prompt_toolkit`.  Please refer to [this comment](https://github.com/ipython/ipython/issues/11270#issuecomment-427448691) for upgrade instructions, and let us know how things go.",
    "performed_via_github_app": null
  },
  {
    "url": "https://api.github.com/repos/jupyter/notebook/issues/comments/708609553",
    "html_url": "https://github.com/jupyter/notebook/issues/5814#issuecomment-708609553",
    "issue_url": "https://api.github.com/repos/jupyter/notebook/issues/5814",
    "id": 708609553,
    "node_id": "MDEyOklzc3VlQ29tbWVudDcwODYwOTU1Mw==",
    "user": {
      "login": "hanane-djeddal",
      "id": 48019914,
      "node_id": "MDQ6VXNlcjQ4MDE5OTE0",
      "avatar_url": "https://avatars.githubusercontent.com/u/48019914?v=4",
      "gravatar_id": "",
      "url": "https://api.github.com/users/hanane-djeddal",
      "html_url": "https://github.com/hanane-djeddal",
      "followers_url": "https://api.github.com/users/hanane-djeddal/followers",
      "following_url": "https://api.github.com/users/hanane-djeddal/following{/other_user}",
      "gists_url": "https://api.github.com/users/hanane-djeddal/gists{/gist_id}",
      "starred_url": "https://api.github.com/users/hanane-djeddal/starred{/owner}{/repo}",
      "subscriptions_url": "https://api.github.com/users/hanane-djeddal/subscriptions",
      "organizations_url": "https://api.github.com/users/hanane-djeddal/orgs",
      "repos_url": "https://api.github.com/users/hanane-djeddal/repos",
      "events_url": "https://api.github.com/users/hanane-djeddal/events{/privacy}",
      "received_events_url": "https://api.github.com/users/hanane-djeddal/received_events",
      "type": "User",
      "site_admin": false
    },
    "created_at": "2020-10-14T19:20:56Z",
    "updated_at": "2020-10-14T19:20:56Z",
    "author_association": "NONE",
    "body": "Thank you for your answer.\r\nI tried running the command pip uninstall -y ipython prompt_toolkit but i got this exception : \r\nERROR: Exception:\r\nTraceback (most recent call last):\r\n  File \"/usr/lib/python3.8/shutil.py\", line 788, in move\r\n    os.rename(src, real_dst)\r\nPermissionError: [Errno 13] Permission denied: '/usr/lib/python3/dist-packages/IPython' -> '/tmp/pip-uninstall-gmkwt7jo'\r\n\r\nDuring handling of the above exception, another exception occurred:\r\n\r\nTraceback (most recent call last):\r\n  File \"/home/hanane/.local/lib/python3.8/site-packages/pip/_internal/cli/base_command.py\", line 228, in _main\r\n    status = self.run(options, args)\r\n  File \"/home/hanane/.local/lib/python3.8/site-packages/pip/_internal/commands/uninstall.py\", line 89, in run\r\n    uninstall_pathset = req.uninstall(\r\n  File \"/home/hanane/.local/lib/python3.8/site-packages/pip/_internal/req/req_install.py\", line 686, in uninstall\r\n    uninstalled_pathset.remove(auto_confirm, verbose)\r\n  File \"/home/hanane/.local/lib/python3.8/site-packages/pip/_internal/req/req_uninstall.py\", line 394, in remove\r\n    moved.stash(path)\r\n  File \"/home/hanane/.local/lib/python3.8/site-packages/pip/_internal/req/req_uninstall.py\", line 283, in stash\r\n    renames(path, new_path)\r\n  File \"/home/hanane/.local/lib/python3.8/site-packages/pip/_internal/utils/misc.py\", line 352, in renames\r\n    shutil.move(old, new)\r\n  File \"/usr/lib/python3.8/shutil.py\", line 800, in move\r\n    rmtree(src)\r\n  File \"/usr/lib/python3.8/shutil.py\", line 715, in rmtree\r\n    _rmtree_safe_fd(fd, path, onerror)\r\n  File \"/usr/lib/python3.8/shutil.py\", line 672, in _rmtree_safe_fd\r\n    onerror(os.unlink, fullname, sys.exc_info())\r\n  File \"/usr/lib/python3.8/shutil.py\", line 670, in _rmtree_safe_fd\r\n    os.unlink(entry.name, dir_fd=topfd)\r\nPermissionError: [Errno 13] Permission denied: 'nbconvert.py'\r\n\r\nWhen I passed to root mode, it didn't recognise the command 'pip' so I tried with 'pip3' instead and I got : \r\n\r\nFound existing installation: ipython 7.13.0\r\nNot uninstalling ipython at /usr/lib/python3/dist-packages, outside environment /usr\r\nCan't uninstall 'ipython'. No files were found to uninstall.\r\nFound existing installation: prompt-toolkit 2.0.10\r\nNot uninstalling prompt-toolkit at /usr/lib/python3/dist-packages, outside environment /usr\r\nCan't uninstall 'prompt-toolkit'. No files were found to uninstall.\r\n\r\nAnd jupyter's always not working. ",
    "performed_via_github_app": null
  },
  {
    "url": "https://api.github.com/repos/jupyter/notebook/issues/comments/708616804",
    "html_url": "https://github.com/jupyter/notebook/issues/5814#issuecomment-708616804",
    "issue_url": "https://api.github.com/repos/jupyter/notebook/issues/5814",
    "id": 708616804,
    "node_id": "MDEyOklzc3VlQ29tbWVudDcwODYxNjgwNA==",
    "user": {
      "login": "kevin-bates",
      "id": 22599560,
      "node_id": "MDQ6VXNlcjIyNTk5NTYw",
      "avatar_url": "https://avatars.githubusercontent.com/u/22599560?v=4",
      "gravatar_id": "",
      "url": "https://api.github.com/users/kevin-bates",
      "html_url": "https://github.com/kevin-bates",
      "followers_url": "https://api.github.com/users/kevin-bates/followers",
      "following_url": "https://api.github.com/users/kevin-bates/following{/other_user}",
      "gists_url": "https://api.github.com/users/kevin-bates/gists{/gist_id}",
      "starred_url": "https://api.github.com/users/kevin-bates/starred{/owner}{/repo}",
      "subscriptions_url": "https://api.github.com/users/kevin-bates/subscriptions",
      "organizations_url": "https://api.github.com/users/kevin-bates/orgs",
      "repos_url": "https://api.github.com/users/kevin-bates/repos",
      "events_url": "https://api.github.com/users/kevin-bates/events{/privacy}",
      "received_events_url": "https://api.github.com/users/kevin-bates/received_events",
      "type": "User",
      "site_admin": false
    },
    "created_at": "2020-10-14T19:36:06Z",
    "updated_at": "2020-10-14T19:36:06Z",
    "author_association": "MEMBER",
    "body": "Someone will need to chime in here.  I don't have deep experience with `pip` to know what to do relative to the above output.  Since there are permission issues, using `sudo` may help but I hesitate to go down that road.\r\n\r\nBefore moving on, what does `pip freeze` produce?  Let's make sure your `ipython` and `prompt_toolkit` versions may be problematic in the first place.",
    "performed_via_github_app": null
  },
  {
    "url": "https://api.github.com/repos/jupyter/notebook/issues/comments/708617869",
    "html_url": "https://github.com/jupyter/notebook/issues/5814#issuecomment-708617869",
    "issue_url": "https://api.github.com/repos/jupyter/notebook/issues/5814",
    "id": 708617869,
    "node_id": "MDEyOklzc3VlQ29tbWVudDcwODYxNzg2OQ==",
    "user": {
      "login": "hanane-djeddal",
      "id": 48019914,
      "node_id": "MDQ6VXNlcjQ4MDE5OTE0",
      "avatar_url": "https://avatars.githubusercontent.com/u/48019914?v=4",
      "gravatar_id": "",
      "url": "https://api.github.com/users/hanane-djeddal",
      "html_url": "https://github.com/hanane-djeddal",
      "followers_url": "https://api.github.com/users/hanane-djeddal/followers",
      "following_url": "https://api.github.com/users/hanane-djeddal/following{/other_user}",
      "gists_url": "https://api.github.com/users/hanane-djeddal/gists{/gist_id}",
      "starred_url": "https://api.github.com/users/hanane-djeddal/starred{/owner}{/repo}",
      "subscriptions_url": "https://api.github.com/users/hanane-djeddal/subscriptions",
      "organizations_url": "https://api.github.com/users/hanane-djeddal/orgs",
      "repos_url": "https://api.github.com/users/hanane-djeddal/repos",
      "events_url": "https://api.github.com/users/hanane-djeddal/events{/privacy}",
      "received_events_url": "https://api.github.com/users/hanane-djeddal/received_events",
      "type": "User",
      "site_admin": false
    },
    "created_at": "2020-10-14T19:38:23Z",
    "updated_at": "2020-10-14T19:38:23Z",
    "author_association": "NONE",
    "body": "with pip freeze, i get : \r\n\r\n\r\nalabaster==0.7.8\r\napturl==0.5.2\r\nargon2-cffi==20.1.0\r\nastroid==2.3.3\r\nattrs==19.3.0\r\nBabel==2.6.0\r\nbackcall==0.1.0\r\nbcrypt==3.1.7\r\nbleach==3.1.1\r\nblinker==1.4\r\nBrlapi==0.7.0\r\ncachetools==4.1.1\r\ncertifi==2020.6.20\r\ncffi==1.14.3\r\nchardet==3.0.4\r\nClick==7.0\r\ncloudpickle==1.6.0\r\ncolorama==0.4.3\r\ncommand-not-found==0.3\r\ncryptography==2.8\r\ncupshelpers==1.0\r\ncycler==0.10.0\r\ndbus-python==1.2.16\r\ndecorator==4.4.2\r\ndefer==1.0.6\r\ndefusedxml==0.6.0\r\ndistro==1.4.0\r\ndistro-info===0.23ubuntu1\r\ndocutils==0.16\r\nduplicity==0.8.12.0\r\nentrypoints==0.3\r\nfasteners==0.14.1\r\nfuture==0.18.2\r\ngoogle-auth==1.4.2\r\ngym==0.17.3\r\nhtml5lib==1.0.1\r\nhttplib2==0.14.0\r\nidna==2.8\r\nimagesize==1.2.0\r\nimportlib-metadata==1.5.0\r\nipykernel==4.6.1\r\nipython==7.13.0\r\nipython-genutils==0.2.0\r\nipywidgets==7.5.1\r\nisort==4.3.4\r\njedi==0.15.2\r\nJinja2==2.10.1\r\njoblib==0.17.0\r\njsonschema==3.2.0\r\njupyter==1.0.0\r\njupyter-client==6.1.2\r\njupyter-console==6.2.0\r\njupyter-core==4.6.3\r\nkeyring==18.0.1\r\nkiwisolver==1.2.0\r\nlanguage-selector==0.1\r\nlaunchpadlib==1.10.13\r\nlazr.restfulclient==0.14.2\r\nlazr.uri==1.0.3\r\nlazy-object-proxy==1.4.3\r\nlockfile==0.12.2\r\nlogilab-common==1.4.3\r\nlouis==3.12.0\r\nmacaroonbakery==1.3.1\r\nMako==1.1.0\r\nMarkupSafe==1.1.0\r\nmatplotlib==3.3.2\r\nmccabe==0.6.1\r\nmistune==0.8.4\r\nmock==3.0.5\r\nmonotonic==1.5\r\nmore-itertools==4.2.0\r\nnbconvert==5.6.1\r\nnbformat==5.0.4\r\nnetifaces==0.10.4\r\nnotebook==6.1.4\r\nnumpy==1.19.2\r\nnumpydoc==0.7.0\r\noauthlib==3.1.0\r\nolefile==0.46\r\npackaging==20.3\r\npandas==1.1.3\r\npandocfilters==1.4.2\r\nparamiko==2.6.0\r\nparso==0.5.2\r\npbr==5.4.5\r\npexpect==4.6.0\r\npickleshare==0.7.5\r\nPillow==7.0.0\r\npip-autoremove==0.9.1\r\nprometheus-client==0.8.0\r\nprompt-toolkit==2.0.10\r\nprotobuf==3.6.1\r\npsutil==5.5.1\r\nptyprocess==0.6.0\r\npyasn1==0.4.8\r\npyasn1-modules==0.2.8\r\npycairo==1.16.2\r\npycodestyle==2.5.0\r\npycparser==2.20\r\npycups==1.9.73\r\npyflakes==2.1.1\r\npyglet==1.5.0\r\nPygments==2.3.1\r\nPyGObject==3.36.0\r\nPyJWT==1.7.1\r\npylint==2.4.4\r\npymacaroons==0.13.0\r\nPyNaCl==1.3.0\r\npyparsing==2.4.7\r\nPyQt5==5.14.1\r\npyRFC3339==1.1\r\npyrsistent==0.15.5\r\npysvn==1.9.9\r\npython-apt==2.0.0+ubuntu0.20.4.1\r\npython-dateutil==2.7.3\r\npython-debian===0.1.36ubuntu1\r\npytz==2019.3\r\npyxdg==0.26\r\nPyYAML==5.3.1\r\npyzmq==18.1.1\r\nQtAwesome==0.4.4\r\nqtconsole==4.6.0\r\nQtPy==1.9.0\r\nreportlab==3.5.34\r\nrequests==2.22.0\r\nrequests-unixsocket==0.2.0\r\nroman==2.0.0\r\nrope==0.10.5\r\nrsa==4.6\r\nscikit-learn==0.23.2\r\nscipy==1.5.2\r\nSecretStorage==2.3.1\r\nSend2Trash==1.5.0\r\nsimplegeneric==0.8.1\r\nsimplejson==3.16.0\r\nsip==4.19.21\r\nsix==1.12.0\r\nsklearn==0.0\r\nSphinx==1.8.5\r\nspyder==3.3.6\r\nspyder-kernels==0.5.2\r\nsystemd-python==234\r\nterminado==0.9.1\r\ntestpath==0.4.4\r\nthreadpoolctl==2.1.0\r\ntornado==6.0.4\r\ntraitlets==4.3.3\r\nubuntu-advantage-tools==20.3\r\nubuntu-drivers-common==0.0.0\r\nufw==0.36\r\nunattended-upgrades==0.1\r\nurllib3==1.25.8\r\nusb-creator==0.3.7\r\nwadllib==1.3.3\r\nwcwidth==0.1.8\r\nwebencodings==0.5.1\r\nwidgetsnbextension==3.5.1\r\nwrapt==1.11.2\r\nxkit==0.0.0\r\nzipp==1.0.0\r\n",
    "performed_via_github_app": null
  },
  {
    "url": "https://api.github.com/repos/jupyter/notebook/issues/comments/708672261",
    "html_url": "https://github.com/jupyter/notebook/issues/5814#issuecomment-708672261",
    "issue_url": "https://api.github.com/repos/jupyter/notebook/issues/5814",
    "id": 708672261,
    "node_id": "MDEyOklzc3VlQ29tbWVudDcwODY3MjI2MQ==",
    "user": {
      "login": "kevin-bates",
      "id": 22599560,
      "node_id": "MDQ6VXNlcjIyNTk5NTYw",
      "avatar_url": "https://avatars.githubusercontent.com/u/22599560?v=4",
      "gravatar_id": "",
      "url": "https://api.github.com/users/kevin-bates",
      "html_url": "https://github.com/kevin-bates",
      "followers_url": "https://api.github.com/users/kevin-bates/followers",
      "following_url": "https://api.github.com/users/kevin-bates/following{/other_user}",
      "gists_url": "https://api.github.com/users/kevin-bates/gists{/gist_id}",
      "starred_url": "https://api.github.com/users/kevin-bates/starred{/owner}{/repo}",
      "subscriptions_url": "https://api.github.com/users/kevin-bates/subscriptions",
      "organizations_url": "https://api.github.com/users/kevin-bates/orgs",
      "repos_url": "https://api.github.com/users/kevin-bates/repos",
      "events_url": "https://api.github.com/users/kevin-bates/events{/privacy}",
      "received_events_url": "https://api.github.com/users/kevin-bates/received_events",
      "type": "User",
      "site_admin": false
    },
    "created_at": "2020-10-14T21:33:29Z",
    "updated_at": "2020-10-14T21:33:29Z",
    "author_association": "MEMBER",
    "body": "The version of `prompt_toolkit` is good for `ipython`, but `ipython` is a few minor releases back.  Perhaps trying to _upgrade_ `ipython` might be better: `pip install --upgrade ipython`\r\n\r\nIf you run into the same kinds of issues, you will need to rely on others with more python/pip expertise than myself.  Sorry.",
    "performed_via_github_app": null
  },
  {
    "url": "https://api.github.com/repos/jupyter/notebook/issues/comments/709855899",
    "html_url": "https://github.com/jupyter/notebook/issues/5814#issuecomment-709855899",
    "issue_url": "https://api.github.com/repos/jupyter/notebook/issues/5814",
    "id": 709855899,
    "node_id": "MDEyOklzc3VlQ29tbWVudDcwOTg1NTg5OQ==",
    "user": {
      "login": "hanane-djeddal",
      "id": 48019914,
      "node_id": "MDQ6VXNlcjQ4MDE5OTE0",
      "avatar_url": "https://avatars.githubusercontent.com/u/48019914?v=4",
      "gravatar_id": "",
      "url": "https://api.github.com/users/hanane-djeddal",
      "html_url": "https://github.com/hanane-djeddal",
      "followers_url": "https://api.github.com/users/hanane-djeddal/followers",
      "following_url": "https://api.github.com/users/hanane-djeddal/following{/other_user}",
      "gists_url": "https://api.github.com/users/hanane-djeddal/gists{/gist_id}",
      "starred_url": "https://api.github.com/users/hanane-djeddal/starred{/owner}{/repo}",
      "subscriptions_url": "https://api.github.com/users/hanane-djeddal/subscriptions",
      "organizations_url": "https://api.github.com/users/hanane-djeddal/orgs",
      "repos_url": "https://api.github.com/users/hanane-djeddal/repos",
      "events_url": "https://api.github.com/users/hanane-djeddal/events{/privacy}",
      "received_events_url": "https://api.github.com/users/hanane-djeddal/received_events",
      "type": "User",
      "site_admin": false
    },
    "created_at": "2020-10-16T06:52:59Z",
    "updated_at": "2020-10-16T06:52:59Z",
    "author_association": "NONE",
    "body": "Unfortunately, it didn't solve the problem.\r\nThank you very much, anyway.",
    "performed_via_github_app": null
  },
  {
    "url": "https://api.github.com/repos/jupyter/notebook/issues/comments/713725806",
    "html_url": "https://github.com/jupyter/notebook/issues/5814#issuecomment-713725806",
    "issue_url": "https://api.github.com/repos/jupyter/notebook/issues/5814",
    "id": 713725806,
    "node_id": "MDEyOklzc3VlQ29tbWVudDcxMzcyNTgwNg==",
    "user": {
      "login": "hanane-djeddal",
      "id": 48019914,
      "node_id": "MDQ6VXNlcjQ4MDE5OTE0",
      "avatar_url": "https://avatars.githubusercontent.com/u/48019914?v=4",
      "gravatar_id": "",
      "url": "https://api.github.com/users/hanane-djeddal",
      "html_url": "https://github.com/hanane-djeddal",
      "followers_url": "https://api.github.com/users/hanane-djeddal/followers",
      "following_url": "https://api.github.com/users/hanane-djeddal/following{/other_user}",
      "gists_url": "https://api.github.com/users/hanane-djeddal/gists{/gist_id}",
      "starred_url": "https://api.github.com/users/hanane-djeddal/starred{/owner}{/repo}",
      "subscriptions_url": "https://api.github.com/users/hanane-djeddal/subscriptions",
      "organizations_url": "https://api.github.com/users/hanane-djeddal/orgs",
      "repos_url": "https://api.github.com/users/hanane-djeddal/repos",
      "events_url": "https://api.github.com/users/hanane-djeddal/events{/privacy}",
      "received_events_url": "https://api.github.com/users/hanane-djeddal/received_events",
      "type": "User",
      "site_admin": false
    },
    "created_at": "2020-10-21T17:13:00Z",
    "updated_at": "2020-10-21T17:13:00Z",
    "author_association": "NONE",
    "body": "I finally managed to solve the problem. The steps I followed :+1: \r\n- I uninstall google.colab (since it seemed the source of the problem) : pip uninstall google.colab\r\n- I uninstalled Jupyter notebook and all its dependencies : \r\npip3 uninstall jupyter\r\npip3 uninstall jupyter_core\r\npip3 uninstall jupyter-client\r\npip3 uninstall jupyter-console\r\npip3 uninstall notebook\r\npip3 uninstall qtconsole\r\npip3 uninstall nbconvert\r\npip3 uninstall nbformat\r\n\r\n(ran the commands with pip and pip3 to make sure) \r\n-Made any version of jupyter is uninstalled ( snap uninstall jupyter )\r\n- Uninstalled all jupyter dependecies : \r\npip uninstall ipykernel\r\npip uninstall jupyterlab-server\r\npip uninstall jupyterlab\r\n\r\nBasically I ran pip freeze and uninstalled all related packages to jupyter.\r\n-I removed anaconda\r\n-I installed anaconda again\r\nEt voil√†, it works!\r\n",
    "performed_via_github_app": null
  },
  {
    "url": "https://api.github.com/repos/jupyter/notebook/issues/comments/717469126",
    "html_url": "https://github.com/jupyter/notebook/issues/5814#issuecomment-717469126",
    "issue_url": "https://api.github.com/repos/jupyter/notebook/issues/5814",
    "id": 717469126,
    "node_id": "MDEyOklzc3VlQ29tbWVudDcxNzQ2OTEyNg==",
    "user": {
      "login": "kevin-bates",
      "id": 22599560,
      "node_id": "MDQ6VXNlcjIyNTk5NTYw",
      "avatar_url": "https://avatars.githubusercontent.com/u/22599560?v=4",
      "gravatar_id": "",
      "url": "https://api.github.com/users/kevin-bates",
      "html_url": "https://github.com/kevin-bates",
      "followers_url": "https://api.github.com/users/kevin-bates/followers",
      "following_url": "https://api.github.com/users/kevin-bates/following{/other_user}",
      "gists_url": "https://api.github.com/users/kevin-bates/gists{/gist_id}",
      "starred_url": "https://api.github.com/users/kevin-bates/starred{/owner}{/repo}",
      "subscriptions_url": "https://api.github.com/users/kevin-bates/subscriptions",
      "organizations_url": "https://api.github.com/users/kevin-bates/orgs",
      "repos_url": "https://api.github.com/users/kevin-bates/repos",
      "events_url": "https://api.github.com/users/kevin-bates/events{/privacy}",
      "received_events_url": "https://api.github.com/users/kevin-bates/received_events",
      "type": "User",
      "site_admin": false
    },
    "created_at": "2020-10-27T19:01:18Z",
    "updated_at": "2020-10-27T19:01:18Z",
    "author_association": "MEMBER",
    "body": "@hanane-djeddal - thank you for the update.  I'm closing this issue since it appears to be a side effect of other packages (with a hint toward `google.colab`).  Sorry for the inconvenience.",
    "performed_via_github_app": null
  }
]
