[
  {
    "url": "https://api.github.com/repos/jupyter/notebook/issues/comments/344907362",
    "html_url": "https://github.com/jupyter/notebook/issues/3050#issuecomment-344907362",
    "issue_url": "https://api.github.com/repos/jupyter/notebook/issues/3050",
    "id": 344907362,
    "node_id": "MDEyOklzc3VlQ29tbWVudDM0NDkwNzM2Mg==",
    "user": {
      "login": "takluyver",
      "id": 327925,
      "node_id": "MDQ6VXNlcjMyNzkyNQ==",
      "avatar_url": "https://avatars.githubusercontent.com/u/327925?v=4",
      "gravatar_id": "",
      "url": "https://api.github.com/users/takluyver",
      "html_url": "https://github.com/takluyver",
      "followers_url": "https://api.github.com/users/takluyver/followers",
      "following_url": "https://api.github.com/users/takluyver/following{/other_user}",
      "gists_url": "https://api.github.com/users/takluyver/gists{/gist_id}",
      "starred_url": "https://api.github.com/users/takluyver/starred{/owner}{/repo}",
      "subscriptions_url": "https://api.github.com/users/takluyver/subscriptions",
      "organizations_url": "https://api.github.com/users/takluyver/orgs",
      "repos_url": "https://api.github.com/users/takluyver/repos",
      "events_url": "https://api.github.com/users/takluyver/events{/privacy}",
      "received_events_url": "https://api.github.com/users/takluyver/received_events",
      "type": "User",
      "site_admin": false
    },
    "created_at": "2017-11-16T12:22:36Z",
    "updated_at": "2017-11-16T12:22:36Z",
    "author_association": "MEMBER",
    "body": "Try reinstalling Jupyter. If you still see the error, give us some more details, like the traceback that it should be showing you.",
    "performed_via_github_app": null
  },
  {
    "url": "https://api.github.com/repos/jupyter/notebook/issues/comments/345067055",
    "html_url": "https://github.com/jupyter/notebook/issues/3050#issuecomment-345067055",
    "issue_url": "https://api.github.com/repos/jupyter/notebook/issues/3050",
    "id": 345067055,
    "node_id": "MDEyOklzc3VlQ29tbWVudDM0NTA2NzA1NQ==",
    "user": {
      "login": "csimek",
      "id": 31009231,
      "node_id": "MDQ6VXNlcjMxMDA5MjMx",
      "avatar_url": "https://avatars.githubusercontent.com/u/31009231?v=4",
      "gravatar_id": "",
      "url": "https://api.github.com/users/csimek",
      "html_url": "https://github.com/csimek",
      "followers_url": "https://api.github.com/users/csimek/followers",
      "following_url": "https://api.github.com/users/csimek/following{/other_user}",
      "gists_url": "https://api.github.com/users/csimek/gists{/gist_id}",
      "starred_url": "https://api.github.com/users/csimek/starred{/owner}{/repo}",
      "subscriptions_url": "https://api.github.com/users/csimek/subscriptions",
      "organizations_url": "https://api.github.com/users/csimek/orgs",
      "repos_url": "https://api.github.com/users/csimek/repos",
      "events_url": "https://api.github.com/users/csimek/events{/privacy}",
      "received_events_url": "https://api.github.com/users/csimek/received_events",
      "type": "User",
      "site_admin": false
    },
    "created_at": "2017-11-16T21:24:00Z",
    "updated_at": "2017-11-16T21:24:00Z",
    "author_association": "NONE",
    "body": "I attempted a reinstall of anaconda to no avail. Here is the full traceback:\r\n\r\nTraceback (most recent call last):\r\n  File \"/Users/CSimek2/anaconda/lib/python3.6/site-packages/notebook/nbextensions.py\", line 18, in <module>\r\n    from urllib.request import urlretrieve\r\n  File \"/Users/CSimek2/anaconda/lib/python3.6/urllib/request.py\", line 2585, in <module>\r\n    from _scproxy import _get_proxy_settings, _get_proxies\r\nImportError: dlopen(/Users/CSimek2/anaconda/lib/python3.6/lib-dynload/_scproxy.cpython-36m-darwin.so, 2): Symbol not found: __cg_jpeg_resync_to_restart\r\n  Referenced from: /System/Library/Frameworks/ImageIO.framework/Versions/A/ImageIO\r\n  Expected in: /Users/CSimek2/anaconda/lib/libJPEG.dylib\r\n in /System/Library/Frameworks/ImageIO.framework/Versions/A/ImageIO\r\n\r\nDuring handling of the above exception, another exception occurred:\r\n\r\nTraceback (most recent call last):\r\n  File \"/Users/CSimek2/anaconda3/bin/jupyter-notebook\", line 7, in <module>\r\n    from notebook.notebookapp import main\r\n  File \"/Users/CSimek2/anaconda/lib/python3.6/site-packages/notebook/__init__.py\", line 25, in <module>\r\n    from .nbextensions import install_nbextension\r\n  File \"/Users/CSimek2/anaconda/lib/python3.6/site-packages/notebook/nbextensions.py\", line 20, in <module>\r\n    from urlparse import urlparse\r\nModuleNotFoundError: No module named 'urlparse'",
    "performed_via_github_app": null
  },
  {
    "url": "https://api.github.com/repos/jupyter/notebook/issues/comments/345108474",
    "html_url": "https://github.com/jupyter/notebook/issues/3050#issuecomment-345108474",
    "issue_url": "https://api.github.com/repos/jupyter/notebook/issues/3050",
    "id": 345108474,
    "node_id": "MDEyOklzc3VlQ29tbWVudDM0NTEwODQ3NA==",
    "user": {
      "login": "gnestor",
      "id": 512354,
      "node_id": "MDQ6VXNlcjUxMjM1NA==",
      "avatar_url": "https://avatars.githubusercontent.com/u/512354?v=4",
      "gravatar_id": "",
      "url": "https://api.github.com/users/gnestor",
      "html_url": "https://github.com/gnestor",
      "followers_url": "https://api.github.com/users/gnestor/followers",
      "following_url": "https://api.github.com/users/gnestor/following{/other_user}",
      "gists_url": "https://api.github.com/users/gnestor/gists{/gist_id}",
      "starred_url": "https://api.github.com/users/gnestor/starred{/owner}{/repo}",
      "subscriptions_url": "https://api.github.com/users/gnestor/subscriptions",
      "organizations_url": "https://api.github.com/users/gnestor/orgs",
      "repos_url": "https://api.github.com/users/gnestor/repos",
      "events_url": "https://api.github.com/users/gnestor/events{/privacy}",
      "received_events_url": "https://api.github.com/users/gnestor/received_events",
      "type": "User",
      "site_admin": false
    },
    "created_at": "2017-11-17T00:33:42Z",
    "updated_at": "2017-11-17T00:33:42Z",
    "author_association": "CONTRIBUTOR",
    "body": "It looks like you're missing `urlparse` which is a dependency. Can you try `pip install notebook --upgrade --force-reinstall`?",
    "performed_via_github_app": null
  },
  {
    "url": "https://api.github.com/repos/jupyter/notebook/issues/comments/345210503",
    "html_url": "https://github.com/jupyter/notebook/issues/3050#issuecomment-345210503",
    "issue_url": "https://api.github.com/repos/jupyter/notebook/issues/3050",
    "id": 345210503,
    "node_id": "MDEyOklzc3VlQ29tbWVudDM0NTIxMDUwMw==",
    "user": {
      "login": "takluyver",
      "id": 327925,
      "node_id": "MDQ6VXNlcjMyNzkyNQ==",
      "avatar_url": "https://avatars.githubusercontent.com/u/327925?v=4",
      "gravatar_id": "",
      "url": "https://api.github.com/users/takluyver",
      "html_url": "https://github.com/takluyver",
      "followers_url": "https://api.github.com/users/takluyver/followers",
      "following_url": "https://api.github.com/users/takluyver/following{/other_user}",
      "gists_url": "https://api.github.com/users/takluyver/gists{/gist_id}",
      "starred_url": "https://api.github.com/users/takluyver/starred{/owner}{/repo}",
      "subscriptions_url": "https://api.github.com/users/takluyver/subscriptions",
      "organizations_url": "https://api.github.com/users/takluyver/orgs",
      "repos_url": "https://api.github.com/users/takluyver/repos",
      "events_url": "https://api.github.com/users/takluyver/events{/privacy}",
      "received_events_url": "https://api.github.com/users/takluyver/received_events",
      "type": "User",
      "site_admin": false
    },
    "created_at": "2017-11-17T10:48:23Z",
    "updated_at": "2017-11-17T10:48:23Z",
    "author_association": "MEMBER",
    "body": "That's not the real issue. It's trying the Python 3 urllib import and falling over on some OS X library (`Symbol not found: __cg_jpeg_resync_to_restart`). Then it catches the ImportError and tries the Python 2 import (`urlparse`), which is not meant to work, because it's Python 3.\r\n\r\nThe important error is the first one (and isn't exception chaining nice ;-)",
    "performed_via_github_app": null
  },
  {
    "url": "https://api.github.com/repos/jupyter/notebook/issues/comments/544584328",
    "html_url": "https://github.com/jupyter/notebook/issues/3050#issuecomment-544584328",
    "issue_url": "https://api.github.com/repos/jupyter/notebook/issues/3050",
    "id": 544584328,
    "node_id": "MDEyOklzc3VlQ29tbWVudDU0NDU4NDMyOA==",
    "user": {
      "login": "batbraincmu",
      "id": 56730313,
      "node_id": "MDQ6VXNlcjU2NzMwMzEz",
      "avatar_url": "https://avatars.githubusercontent.com/u/56730313?v=4",
      "gravatar_id": "",
      "url": "https://api.github.com/users/batbraincmu",
      "html_url": "https://github.com/batbraincmu",
      "followers_url": "https://api.github.com/users/batbraincmu/followers",
      "following_url": "https://api.github.com/users/batbraincmu/following{/other_user}",
      "gists_url": "https://api.github.com/users/batbraincmu/gists{/gist_id}",
      "starred_url": "https://api.github.com/users/batbraincmu/starred{/owner}{/repo}",
      "subscriptions_url": "https://api.github.com/users/batbraincmu/subscriptions",
      "organizations_url": "https://api.github.com/users/batbraincmu/orgs",
      "repos_url": "https://api.github.com/users/batbraincmu/repos",
      "events_url": "https://api.github.com/users/batbraincmu/events{/privacy}",
      "received_events_url": "https://api.github.com/users/batbraincmu/received_events",
      "type": "User",
      "site_admin": false
    },
    "created_at": "2019-10-21T16:03:01Z",
    "updated_at": "2019-10-21T16:03:01Z",
    "author_association": "NONE",
    "body": "Any Idea how to fix this?\r\n",
    "performed_via_github_app": null
  }
]
